added manifest
adding: .classpath(in = 338) (out= 191)(deflated 43%)
adding: .gitignore(in = 422) (out= 131)(deflated 68%)
adding: .project(in = 379) (out= 186)(deflated 50%)
adding: CSModel$1.class(in = 976) (out= 586)(deflated 39%)
adding: CSModel$2.class(in = 2266) (out= 1188)(deflated 47%)
adding: CSModel$3.class(in = 1231) (out= 781)(deflated 36%)
adding: CSModel.class(in = 7511) (out= 3921)(deflated 47%)
adding: GOL_banner.png(in = 117366) (out= 116680)(deflated 0%)
adding: Game.class(in = 746) (out= 403)(deflated 45%)
adding: GridClass.class(in = 2837) (out= 1557)(deflated 45%)
adding: banner.png(in = 242030) (out= 242105)(deflated 0%)
adding: cs/(in = 0) (out= 0)(stored 0%)
adding: doc/(in = 0) (out= 0)(stored 0%)
adding: doc/CSModel.html(in = 98548) (out= 8374)(deflated 91%)
adding: doc/Game.html(in = 10010) (out= 2401)(deflated 76%)
adding: doc/GridClass.html(in = 96595) (out= 8039)(deflated 91%)
adding: doc/allclasses-index.html(in = 7374) (out= 2025)(deflated 72%)
adding: doc/allpackages-index.html(in = 3352) (out= 1082)(deflated 67%)
adding: doc/class-use/(in = 0) (out= 0)(stored 0%)
adding: doc/class-use/CSModel.html(in = 2501) (out= 949)(deflated 62%)
adding: doc/class-use/Game.html(in = 2483) (out= 946)(deflated 61%)
adding: doc/class-use/GridClass.html(in = 2513) (out= 948)(deflated 62%)
adding: doc/class-use/mainGUI.html(in = 2501) (out= 949)(deflated 62%)
adding: doc/element-list(in = 90) (out= 63)(deflated 30%)
adding: doc/gameOfLife_Controller/(in = 0) (out= 0)(stored 0%)
adding: doc/gameOfLife_Controller/GameController.html(in = 34689) (out= 4830)(deflated 86%)
adding: doc/gameOfLife_Controller/class-use/(in = 0) (out= 0)(stored 0%)
adding: doc/gameOfLife_Controller/class-use/GameController.html(in = 2699) (out= 975)(deflated 63%)
adding: doc/gameOfLife_Controller/package-summary.html(in = 4362) (out= 1536)(deflated 64%)
adding: doc/gameOfLife_Controller/package-tree.html(in = 3284) (out= 1190)(deflated 63%)
adding: doc/gameOfLife_Controller/package-use.html(in = 2514) (out= 940)(deflated 62%)
adding: doc/gameOfLife_Model/(in = 0) (out= 0)(stored 0%)
adding: doc/gameOfLife_Model/GameModel.html(in = 33883) (out= 4166)(deflated 87%)
adding: doc/gameOfLife_Model/class-use/(in = 0) (out= 0)(stored 0%)
adding: doc/gameOfLife_Model/class-use/GameModel.html(in = 4505) (out= 1344)(deflated 70%)
adding: doc/gameOfLife_Model/package-summary.html(in = 3986) (out= 1401)(deflated 64%)
adding: doc/gameOfLife_Model/package-tree.html(in = 3026) (out= 1128)(deflated 62%)
adding: doc/gameOfLife_Model/package-use.html(in = 4228) (out= 1381)(deflated 67%)
adding: doc/gameOfLife_View/(in = 0) (out= 0)(stored 0%)
adding: doc/gameOfLife_View/GameView.html(in = 58153) (out= 5045)(deflated 91%)
adding: doc/gameOfLife_View/class-use/(in = 0) (out= 0)(stored 0%)
adding: doc/gameOfLife_View/class-use/GameView.html(in = 4487) (out= 1344)(deflated 70%)
adding: doc/gameOfLife_View/package-summary.html(in = 3484) (out= 1247)(deflated 64%)
adding: doc/gameOfLife_View/package-tree.html(in = 3019) (out= 1126)(deflated 62%)
adding: doc/gameOfLife_View/package-use.html(in = 3726) (out= 1232)(deflated 66%)
adding: doc/help-doc.html(in = 9886) (out= 3006)(deflated 69%)
adding: doc/index-files/(in = 0) (out= 0)(stored 0%)
adding: doc/index-files/index-1.html(in = 6037) (out= 1567)(deflated 74%)
adding: doc/index-files/index-10.html(in = 4279) (out= 1229)(deflated 71%)
adding: doc/index-files/index-11.html(in = 5031) (out= 1407)(deflated 72%)
adding: doc/index-files/index-12.html(in = 4585) (out= 1321)(deflated 71%)
adding: doc/index-files/index-13.html(in = 6862) (out= 1531)(deflated 77%)
adding: doc/index-files/index-14.html(in = 4263) (out= 1228)(deflated 71%)
adding: doc/index-files/index-15.html(in = 4669) (out= 1320)(deflated 71%)
adding: doc/index-files/index-2.html(in = 4239) (out= 1218)(deflated 71%)
adding: doc/index-files/index-3.html(in = 6777) (out= 1791)(deflated 73%)
adding: doc/index-files/index-4.html(in = 4464) (out= 1205)(deflated 73%)
adding: doc/index-files/index-5.html(in = 21811) (out= 3336)(deflated 84%)
adding: doc/index-files/index-6.html(in = 9957) (out= 1851)(deflated 81%)
adding: doc/index-files/index-7.html(in = 6326) (out= 1642)(deflated 74%)
adding: doc/index-files/index-8.html(in = 4022) (out= 1126)(deflated 72%)
adding: doc/index-files/index-9.html(in = 5635) (out= 1586)(deflated 71%)
adding: doc/index.html(in = 3463) (out= 1048)(deflated 69%)
adding: doc/jquery-ui.overrides.css(in = 1495) (out= 801)(deflated 46%)
adding: doc/layoutPackage/(in = 0) (out= 0)(stored 0%)
adding: doc/layoutPackage/cardLayout.html(in = 13436) (out= 2614)(deflated 80%)
adding: doc/layoutPackage/class-use/(in = 0) (out= 0)(stored 0%)
adding: doc/layoutPackage/class-use/cardLayout.html(in = 2627) (out= 964)(deflated 63%)
adding: doc/layoutPackage/class-use/gridLayout.html(in = 2627) (out= 964)(deflated 63%)
adding: doc/layoutPackage/gridLayout.html(in = 93349) (out= 7676)(deflated 91%)
adding: doc/layoutPackage/package-summary.html(in = 3578) (out= 1187)(deflated 66%)
adding: doc/layoutPackage/package-tree.html(in = 6210) (out= 1447)(deflated 76%)
adding: doc/layoutPackage/package-use.html(in = 2474) (out= 929)(deflated 62%)
adding: doc/legal/(in = 0) (out= 0)(stored 0%)
adding: doc/legal/ADDITIONAL_LICENSE_INFO(in = 49) (out= 50)(deflated -2%)
adding: doc/legal/ASSEMBLY_EXCEPTION(in = 44) (out= 45)(deflated -2%)
adding: doc/legal/LICENSE(in = 33) (out= 34)(deflated -3%)
adding: doc/legal/jquery.md(in = 3006) (out= 1036)(deflated 65%)
adding: doc/legal/jqueryUI.md(in = 1919) (out= 1058)(deflated 44%)
adding: doc/mainGUI.html(in = 12039) (out= 2613)(deflated 78%)
adding: doc/member-search-index.js(in = 8104) (out= 1204)(deflated 85%)
adding: doc/module-search-index.js(in = 45) (out= 42)(deflated 6%)
adding: doc/overview-summary.html(in = 947) (out= 478)(deflated 49%)
adding: doc/overview-tree.html(in = 8402) (out= 1627)(deflated 80%)
adding: doc/package-search-index.js(in = 196) (out= 128)(deflated 34%)
adding: doc/package-summary.html(in = 4426) (out= 1342)(deflated 69%)
adding: doc/package-tree.html(in = 6997) (out= 1486)(deflated 78%)
adding: doc/package-use.html(in = 2410) (out= 930)(deflated 61%)
adding: doc/resources/(in = 0) (out= 0)(stored 0%)
adding: doc/resources/glass.png(in = 499) (out= 504)(deflated -1%)
adding: doc/resources/x.png(in = 394) (out= 399)(deflated -1%)
adding: doc/script-dir/(in = 0) (out= 0)(stored 0%)
adding: doc/script-dir/images/(in = 0) (out= 0)(stored 0%)
adding: doc/script-dir/images/ui-bg_glass_55_fbf9ee_1x400.png(in = 335) (out= 291)(deflated 13%)
adding: doc/script-dir/images/ui-bg_glass_65_dadada_1x400.png(in = 262) (out= 215)(deflated 17%)
adding: doc/script-dir/images/ui-bg_glass_75_dadada_1x400.png(in = 262) (out= 216)(deflated 17%)
adding: doc/script-dir/images/ui-bg_glass_75_e6e6e6_1x400.png(in = 262) (out= 216)(deflated 17%)
adding: doc/script-dir/images/ui-bg_glass_95_fef1ec_1x400.png(in = 332) (out= 287)(deflated 13%)
adding: doc/script-dir/images/ui-bg_highlight-soft_75_cccccc_1x100.png(in = 280) (out= 236)(deflated 15%)
adding: doc/script-dir/images/ui-icons_222222_256x240.png(in = 6922) (out= 6768)(deflated 2%)
adding: doc/script-dir/images/ui-icons_2e83ff_256x240.png(in = 4549) (out= 4266)(deflated 6%)
adding: doc/script-dir/images/ui-icons_454545_256x240.png(in = 6992) (out= 6836)(deflated 2%)
adding: doc/script-dir/images/ui-icons_888888_256x240.png(in = 6999) (out= 6835)(deflated 2%)
adding: doc/script-dir/images/ui-icons_cd0a0a_256x240.png(in = 4549) (out= 4267)(deflated 6%)
adding: doc/script-dir/jquery-3.5.1.min.js(in = 89478) (out= 30940)(deflated 65%)
adding: doc/script-dir/jquery-ui.min.css(in = 17422) (out= 3464)(deflated 80%)
adding: doc/script-dir/jquery-ui.min.js(in = 32167) (out= 9973)(deflated 68%)
adding: doc/script-dir/jquery-ui.structure.min.css(in = 1791) (out= 787)(deflated 56%)
adding: doc/script.js(in = 5159) (out= 1812)(deflated 64%)
adding: doc/search.js(in = 14113) (out= 3862)(deflated 72%)
adding: doc/serialized-form.html(in = 9458) (out= 1752)(deflated 81%)
adding: doc/stylesheet.css(in = 19513) (out= 4583)(deflated 76%)
adding: doc/tag-search-index.js(in = 99) (out= 85)(deflated 14%)
adding: doc/type-search-index.js(in = 441) (out= 205)(deflated 53%)
adding: gameOfLife_Controller/(in = 0) (out= 0)(stored 0%)
adding: gameOfLife_Controller/.gitignore(in = 177) (out= 47)(deflated 73%)
adding: gameOfLife_Controller/GameController$1$1.class(in = 1104) (out= 526)(deflated 52%)
adding: gameOfLife_Controller/GameController$1.class(in = 1181) (out= 575)(deflated 51%)
adding: gameOfLife_Controller/GameController$2.class(in = 1097) (out= 598)(deflated 45%)
adding: gameOfLife_Controller/GameController$3.class(in = 1331) (out= 751)(deflated 43%)
adding: gameOfLife_Controller/GameController.class(in = 11999) (out= 6166)(deflated 48%)
adding: gameOfLife_Model/(in = 0) (out= 0)(stored 0%)
adding: gameOfLife_Model/.gitignore(in = 18) (out= 20)(deflated -11%)
adding: gameOfLife_Model/GameModel.class(in = 5290) (out= 2681)(deflated 49%)
adding: gameOfLife_View/(in = 0) (out= 0)(stored 0%)
adding: gameOfLife_View/.gitignore(in = 57) (out= 29)(deflated 49%)
adding: gameOfLife_View/GameView$1$1.class(in = 1285) (out= 715)(deflated 44%)
adding: gameOfLife_View/GameView$1.class(in = 2279) (out= 1306)(deflated 42%)
adding: gameOfLife_View/GameView.class(in = 12129) (out= 5552)(deflated 54%)
adding: jap.jar(in = 254753) (out= 254171)(deflated 0%)
adding: layoutPackage/(in = 0) (out= 0)(stored 0%)
adding: layoutPackage/.gitignore(in = 126) (out= 58)(deflated 53%)
adding: layoutPackage/cardLayout$1.class(in = 634) (out= 387)(deflated 38%)
adding: layoutPackage/cardLayout.class(in = 3012) (out= 1535)(deflated 49%)
adding: layoutPackage/gridLayout$1.class(in = 1372) (out= 752)(deflated 45%)
adding: layoutPackage/gridLayout$2.class(in = 628) (out= 384)(deflated 38%)
adding: layoutPackage/gridLayout.class(in = 4189) (out= 2248)(deflated 46%)
adding: logo.png(in = 3928) (out= 3904)(deflated 0%)
adding: mainGUI$1.class(in = 927) (out= 566)(deflated 38%)
adding: mainGUI$2.class(in = 1233) (out= 791)(deflated 35%)
adding: mainGUI$3.class(in = 1290) (out= 787)(deflated 38%)
adding: mainGUI.class(in = 7812) (out= 4182)(deflated 46%)
adding: resources(in = 3811) (out= 712)(deflated 81%)
adding: strings_en.xml(in = 1831) (out= 461)(deflated 74%)
adding: strings_fr.xml(in = 1979) (out= 517)(deflated 73%)
adding: turingMachine_Controller/(in = 0) (out= 0)(stored 0%)
adding: turingMachine_Controller/.gitignore(in = 133) (out= 43)(deflated 67%)
adding: turingMachine_Controller/TuringController$1.class(in = 1046) (out= 541)(deflated 48%)
adding: turingMachine_Controller/TuringController$2.class(in = 834) (out= 448)(deflated 46%)
adding: turingMachine_Controller/TuringController$3.class(in = 837) (out= 450)(deflated 46%)
adding: turingMachine_Controller/TuringController$4.class(in = 833) (out= 449)(deflated 46%)
adding: turingMachine_Controller/TuringController.class(in = 2448) (out= 1132)(deflated 53%)
adding: turingMachine_Main/(in = 0) (out= 0)(stored 0%)
adding: turingMachine_Main/.gitignore(in = 443) (out= 141)(deflated 68%)
adding: turingMachine_Main/turingMachine_Config.class(in = 1129) (out= 578)(deflated 48%)
adding: turingMachine_Main/turingMachine_Server$1$1.class(in = 1307) (out= 645)(deflated 50%)
adding: turingMachine_Main/turingMachine_Server$1.class(in = 1253) (out= 572)(deflated 54%)
adding: turingMachine_Main/turingMachine_Server$2.class(in = 802) (out= 430)(deflated 46%)
adding: turingMachine_Main/turingMachine_Server.class(in = 8870) (out= 4444)(deflated 49%)
adding: turingMachine_Main/turingMachine_User.class(in = 5661) (out= 2663)(deflated 52%)
adding: turingMachine_Model/(in = 0) (out= 0)(stored 0%)
adding: turingMachine_Model/.gitignore(in = 22) (out= 24)(deflated -9%)
adding: turingMachine_Model/TuringMachine.class(in = 5204) (out= 2722)(deflated 47%)
adding: turingMachine_View/(in = 0) (out= 0)(stored 0%)
adding: turingMachine_View/.gitignore(in = 54) (out= 33)(deflated 38%)
adding: turingMachine_View/TuringView.class(in = 2908) (out= 1597)(deflated 45%)
